<?xml version="1.0" encoding="UTF-8"?>
<!-- Generated by org.testng.reporters.JUnitReportReporter -->
<testsuite hostname="DESKTOP-NTCHHJ8" failures="0" tests="1" name="tests.SearchForNewCarTest" time="22.680" errors="0" timestamp="2020-11-14T10:49:45 EET" skipped="0">
  <testcase classname="tests.SearchForNewCarTest" name="UserSearchForNewCar" time="22.680"/>
  <system-out/>
</testsuite> <!-- tests.SearchForNewCarTest -->
