<?xml version="1.0" encoding="UTF-8"?>
<!-- Generated by org.testng.reporters.JUnitReportReporter -->
<testsuite hostname="DESKTOP-NTCHHJ8" failures="0" tests="1" name="tests.ShowCarDetailsTest" time="40.692" errors="0" timestamp="2020-11-14T10:53:12 EET" skipped="0">
  <testcase classname="tests.ShowCarDetailsTest" name="userCheckCarDetails" time="40.692"/>
  <system-out/>
</testsuite> <!-- tests.ShowCarDetailsTest -->
